<?xml version="1.0" encoding="UTF-8"?>
<!-- Generated by org.testng.reporters.JUnitReportReporter -->
<testsuite hostname="Vasant" failures="0" tests="1" name="com.testcases.LoginPageTestConfigData" time="13.171" errors="0" timestamp="2025-07-05T13:52:20 IST" skipped="0">
  <testcase classname="com.testcases.LoginPageTestConfigData" name="loginTest2" time="13.171"/>
</testsuite> <!-- com.testcases.LoginPageTestConfigData -->
