<?xml version="1.0" encoding="UTF-8"?>
<!-- Generated by org.testng.reporters.JUnitReportReporter -->
<testsuite hostname="Vasant" failures="0" tests="2" name="com.testcases.HomePageTC" time="2.516" errors="0" timestamp="2025-06-29T14:12:50 IST" skipped="0">
  <testcase classname="com.testcases.HomePageTC" name="verifyHomePageTitle" time="2.072"/>
  <testcase classname="com.testcases.HomePageTC" name="verifyHomePageLogo" time="0.444"/>
</testsuite> <!-- com.testcases.HomePageTC -->
