<?xml version="1.0" encoding="UTF-8"?>
<!-- Generated by org.testng.reporters.JUnitReportReporter -->
<testsuite hostname="Vasant" failures="0" tests="4" name="com.testcases.LoginPageTC" time="3.443" errors="0" timestamp="2025-06-29T14:12:50 IST" skipped="0">
  <testcase classname="com.testcases.LoginPageTC" name="verifyLoginPageTitle" time="0.060"/>
  <testcase classname="com.testcases.LoginPageTC" name="verifyOrangeHRMLogo" time="3.155"/>
  <testcase classname="com.testcases.LoginPageTC" name="verifyOrangeHRMLinks" time="0.171"/>
  <testcase classname="com.testcases.LoginPageTC" name="verifyForgotPasswordLinkText" time="0.057"/>
</testsuite> <!-- com.testcases.LoginPageTC -->
