<?xml version="1.0" encoding="UTF-8"?>
<!-- Generated by org.testng.reporters.JUnitReportReporter -->
<testsuite hostname="Vasant" failures="0" tests="5" name="com.testcases.OrangeHRMLoginTC" time="5.847" errors="0" timestamp="2025-06-29T13:14:33 IST" skipped="0">
  <testcase classname="com.testcases.OrangeHRMLoginTC" name="verifyLoginPageTitle" time="0.321"/>
  <testcase classname="com.testcases.OrangeHRMLoginTC" name="verifyOrangeHRMLogo" time="3.130"/>
  <testcase classname="com.testcases.OrangeHRMLoginTC" name="verifyOrangeHRMLinks" time="0.165"/>
  <testcase classname="com.testcases.OrangeHRMLoginTC" name="verifyForgotPasswordLinkText" time="0.045"/>
  <testcase classname="com.testcases.OrangeHRMLoginTC" name="verifyLoginTest" time="2.186"/>
</testsuite> <!-- com.testcases.OrangeHRMLoginTC -->
